2023-05-12T15:50:10.783Z [INFO] login successfully
2023-05-12T15:50:25.841Z [INFO] login successfully
2023-05-12T15:50:29.263Z [INFO] Goes courior data to frontend
2023-05-12T17:26:56.580Z [INFO] login successfully
2023-05-12T17:30:04.397Z [INFO] login successfully
2023-05-12T17:30:42.673Z [INFO] Successfully Registered
2023-05-12T17:31:41.044Z [INFO] Goes courior data to frontend
2023-05-12T17:31:44.706Z [INFO] Now courior is deleted from List
2023-05-12T17:31:47.569Z [INFO] Goes courior data to frontend
2023-05-12T17:31:56.601Z [INFO] Goes courior data to frontend
2023-05-13T05:47:15.969Z [INFO] login successfully
2023-05-13T06:05:11.767Z [INFO] login successfully
2023-05-13T06:07:12.950Z [INFO] Successfully Registered, Please login now.
2023-05-13T06:08:38.286Z [INFO] login successfully
2023-05-13T06:15:36.766Z [INFO] Successfully Registered, Please login now.
2023-05-13T06:16:02.346Z [INFO] login successfully
2023-05-13T06:18:21.228Z [INFO] user not exist
2023-05-13T06:18:23.243Z [INFO] user not exist
2023-05-13T06:19:12.475Z [INFO] user not exist
2023-05-13T06:25:27.289Z [INFO] Successfully Registered, Please login now.
2023-05-13T06:26:25.927Z [INFO] login successfully
2023-05-13T06:33:38.416Z [INFO] Successfully Registered, Please login now.
2023-05-13T16:01:21.278Z [INFO] login successfully
2023-05-13T16:02:06.058Z [INFO] login successfully
2023-05-13T16:19:01.142Z [INFO] Goes courior data to frontend
2023-05-13T16:29:04.043Z [INFO] login successfully
2023-05-14T13:30:30.576Z [INFO] login successfully
2023-05-14T13:30:59.041Z [INFO] login successfully
2023-05-14T13:32:45.839Z [INFO] login successfully
2023-05-14T13:33:18.879Z [INFO] Goes courior data to frontend
2023-05-14T17:45:26.575Z [INFO] login successfully
2023-05-14T17:46:23.502Z [INFO] Goes courior data to frontend
2023-05-14T17:47:16.287Z [INFO] Goes courior data to frontend
2023-05-14T17:47:18.850Z [INFO] Now courior is deleted from List
2023-05-14T17:47:23.699Z [INFO] Goes courior data to frontend
2023-05-14T17:47:28.158Z [INFO] Now courior is deleted from List
2023-05-14T17:47:31.137Z [INFO] Goes courior data to frontend
2023-05-14T17:48:50.742Z [INFO] Goes courior data to frontend
2023-05-14T17:49:15.598Z [INFO] Goes courior data to frontend
2023-05-14T17:51:13.182Z [INFO] Goes courior data to frontend
2023-05-14T17:53:21.163Z [INFO] Goes courior data to frontend
2023-05-14T18:01:47.466Z [INFO] login successfully
2023-05-14T18:01:49.137Z [INFO] Goes courior data to frontend
2023-05-14T18:02:19.858Z [INFO] login successfully
2023-05-14T18:05:09.392Z [INFO] Goes courior data to frontend
2023-05-14T18:05:36.139Z [INFO] login successfully
2023-05-14T18:05:50.436Z [INFO] Successfully Registered
2023-05-14T18:07:06.674Z [INFO] Successfully Registered
2023-05-14T18:10:02.352Z [INFO] Successfully Registered
2023-05-14T18:11:56.232Z [INFO] Successfully Registered
2023-05-14T18:12:06.397Z [INFO] Successfully Registered
2023-05-14T18:12:57.855Z [INFO] Goes courior data to frontend
2023-05-14T18:29:44.648Z [INFO] Goes courior data to frontend
2023-05-14T18:32:52.679Z [INFO] Goes courior data to frontend
2023-05-14T18:37:01.673Z [INFO] Goes courior data to frontend
2023-05-14T18:39:15.676Z [INFO] Goes courior data to frontend
2023-05-14T18:39:31.677Z [INFO] Goes courior data to frontend
2023-05-14T18:39:59.670Z [INFO] Goes courior data to frontend
2023-05-14T18:40:08.170Z [INFO] Goes courior data to frontend
2023-05-14T18:45:50.689Z [INFO] Goes courior data to frontend
2023-05-14T18:46:42.662Z [INFO] Goes courior data to frontend
2023-05-14T18:50:45.679Z [INFO] Goes courior data to frontend
2023-05-14T18:51:22.954Z [INFO] Goes courior data to frontend
2023-05-14T18:54:37.925Z [INFO] Goes courior data to frontend
2023-05-14T18:55:46.413Z [INFO] Goes courior data to frontend
2023-05-14T18:56:48.680Z [INFO] Goes courior data to frontend
2023-05-14T18:57:33.248Z [INFO] Goes courior data to frontend
2023-05-14T18:58:26.405Z [INFO] Goes courior data to frontend
2023-05-14T19:07:54.643Z [INFO] Goes courior data to frontend
2023-05-14T19:11:07.317Z [INFO] Successfully Registered
2023-05-14T19:11:11.867Z [INFO] Goes courior data to frontend
2023-05-15T05:23:34.307Z [INFO] login successfully
2023-05-15T05:25:11.301Z [INFO] Goes courior data to frontend
2023-05-15T05:34:08.112Z [INFO] Goes courior data to frontend
2023-05-15T05:40:24.190Z [INFO] Goes courior data to frontend
2023-05-15T05:45:03.444Z [INFO] Goes courior data to frontend
2023-05-15T05:51:37.580Z [INFO] Goes courior data to frontend
2023-05-15T05:57:24.980Z [INFO] login successfully
2023-05-15T10:05:20.264Z [INFO] login successfully
2023-05-15T10:06:23.589Z [INFO] Goes courior data to frontend
2023-05-15T10:07:12.768Z [INFO] Successfully Registered
2023-05-15T10:07:15.276Z [INFO] Goes courior data to frontend
2023-05-15T10:08:04.903Z [INFO] Successfully Registered
2023-05-15T10:08:11.649Z [INFO] Goes courior data to frontend
2023-05-15T10:08:35.661Z [INFO] login successfully
2023-05-15T10:09:00.065Z [INFO] login successfully
2023-05-15T10:09:01.221Z [INFO] Goes courior data to frontend
2023-05-15T10:09:16.626Z [INFO] login successfully
2023-05-15T10:11:00.188Z [INFO] login successfully
2023-05-15T10:11:12.131Z [INFO] login successfully
2023-05-15T10:11:13.215Z [INFO] Goes courior data to frontend
2023-05-15T10:11:54.935Z [INFO] login successfully
2023-05-15T10:12:24.934Z [INFO] login successfully
2023-05-15T15:57:07.416Z [INFO] login successfully
2023-05-15T15:57:32.209Z [INFO] login successfully
2023-05-15T15:57:51.627Z [INFO] Goes courior data to frontend
2023-05-16T17:48:56.813Z [INFO] login successfully
2023-05-16T17:49:21.489Z [INFO] login successfully
2023-05-16T17:49:23.662Z [INFO] Goes courior data to frontend
2023-05-16T17:49:58.976Z [INFO] login successfully
